<?xml version="1.0" encoding="UTF-8"?>
<!-- Generated by org.testng.reporters.JUnitReportReporter -->
<testsuite hostname="ATMECSINLT-028" failures="0" tests="1" name="com.atmecs.php.test.PhpTravels" time="0.292" errors="0" timestamp="2019-11-29T18:00:45 IST" skipped="0">
  <testcase classname="com.atmecs.php.test.PhpTravels" name="identifyTheHotel" time="0.292"/>
</testsuite> <!-- com.atmecs.php.test.PhpTravels -->
