<?xml version="1.0" encoding="UTF-8"?>
<!-- Generated by org.testng.reporters.JUnitReportReporter -->
<testsuite hostname="ATMECSINLT-028" failures="0" tests="1" name="com.atmecs.php.test.AutomatePhpTravels" time="10.112" errors="0" timestamp="2019-11-29T16:10:43 IST" skipped="0">
  <testcase classname="com.atmecs.php.test.AutomatePhpTravels" name="identifyTheHotel" time="10.112"/>
</testsuite> <!-- com.atmecs.php.test.AutomatePhpTravels -->
